c:\users\norri\documents\github\_game development\custom engine projects\t-wrecks\t-wrecks\release\vc142.pdb
c:\users\norri\documents\github\_game development\custom engine projects\t-wrecks\t-wrecks\release\pterosaur.obj
c:\users\norri\documents\github\_game development\custom engine projects\t-wrecks\t-wrecks\release\playerselectionscene.obj
c:\users\norri\documents\github\_game development\custom engine projects\t-wrecks\t-wrecks\release\player.obj
c:\users\norri\documents\github\_game development\custom engine projects\t-wrecks\t-wrecks\release\pausescene.obj
c:\users\norri\documents\github\_game development\custom engine projects\t-wrecks\t-wrecks\release\levelselectionscene.obj
c:\users\norri\documents\github\_game development\custom engine projects\t-wrecks\t-wrecks\release\levelscene.obj
c:\users\norri\documents\github\_game development\custom engine projects\t-wrecks\t-wrecks\release\leaderboardscene.obj
c:\users\norri\documents\github\_game development\custom engine projects\t-wrecks\t-wrecks\release\keyboardhandler.obj
c:\users\norri\documents\github\_game development\custom engine projects\t-wrecks\t-wrecks\release\introscene.obj
c:\users\norri\documents\github\_game development\custom engine projects\t-wrecks\t-wrecks\release\inputhandler.obj
c:\users\norri\documents\github\_game development\custom engine projects\t-wrecks\t-wrecks\release\ground.obj
c:\users\norri\documents\github\_game development\custom engine projects\t-wrecks\t-wrecks\release\globals.obj
c:\users\norri\documents\github\_game development\custom engine projects\t-wrecks\t-wrecks\release\gamescenemanager.obj
c:\users\norri\documents\github\_game development\custom engine projects\t-wrecks\t-wrecks\release\gamescene.obj
c:\users\norri\documents\github\_game development\custom engine projects\t-wrecks\t-wrecks\release\gameobject.obj
c:\users\norri\documents\github\_game development\custom engine projects\t-wrecks\t-wrecks\release\collisionhandler.obj
c:\users\norri\documents\github\_game development\custom engine projects\t-wrecks\t-wrecks\release\cloud.obj
c:\users\norri\documents\github\_game development\custom engine projects\t-wrecks\t-wrecks\release\cactus.obj
c:\users\norri\documents\github\_game development\custom engine projects\t-wrecks\t-wrecks\release\button.obj
c:\users\norri\documents\github\_game development\custom engine projects\t-wrecks\t-wrecks\release\animation.obj
c:\users\norri\documents\github\_game development\custom engine projects\t-wrecks\t-wrecks\release\vector.obj
c:\users\norri\documents\github\_game development\custom engine projects\t-wrecks\t-wrecks\release\timehandler.obj
c:\users\norri\documents\github\_game development\custom engine projects\t-wrecks\t-wrecks\release\mousehandler.obj
c:\users\norri\documents\github\_game development\custom engine projects\t-wrecks\t-wrecks\release\menuscene.obj
c:\users\norri\documents\github\_game development\custom engine projects\t-wrecks\t-wrecks\release\source.obj
c:\users\norri\documents\github\_game development\custom engine projects\t-wrecks\release\t-wrecks.exe
c:\users\norri\documents\github\_game development\custom engine projects\t-wrecks\release\t-wrecks.pdb
c:\users\norri\documents\github\_game development\custom engine projects\t-wrecks\release\t-wrecks.ipdb
c:\users\norri\documents\github\_game development\custom engine projects\t-wrecks\release\t-wrecks.iobj
c:\users\norri\documents\github\_game development\custom engine projects\t-wrecks\t-wrecks\release\t-wrecks.tlog\cl.command.1.tlog
c:\users\norri\documents\github\_game development\custom engine projects\t-wrecks\t-wrecks\release\t-wrecks.tlog\cl.read.1.tlog
c:\users\norri\documents\github\_game development\custom engine projects\t-wrecks\t-wrecks\release\t-wrecks.tlog\cl.write.1.tlog
c:\users\norri\documents\github\_game development\custom engine projects\t-wrecks\t-wrecks\release\t-wrecks.tlog\link.command.1.tlog
c:\users\norri\documents\github\_game development\custom engine projects\t-wrecks\t-wrecks\release\t-wrecks.tlog\link.read.1.tlog
c:\users\norri\documents\github\_game development\custom engine projects\t-wrecks\t-wrecks\release\t-wrecks.tlog\link.write.1.tlog
c:\users\norri\documents\github\_game development\custom engine projects\t-wrecks\t-wrecks\release\t-wrecks.tlog\t-wrecks.write.1u.tlog
