  Animation.cpp
c:\users\wulia\documents\repos\t-wrecks\t-wrecks\animation.h(28): warning C4244: 'initializing': conversion from 'double' to 'int', possible loss of data
  Button.cpp
  Cactus.cpp
c:\users\wulia\documents\repos\t-wrecks\t-wrecks\cactus.cpp(24): warning C4244: '-=': conversion from 'float' to 'int', possible loss of data
  Cloud.cpp
c:\users\wulia\documents\repos\t-wrecks\t-wrecks\cloud.cpp(15): warning C4244: '-=': conversion from 'float' to 'int', possible loss of data
  CollisionHandler.cpp
  EndScene.cpp
  GameObject.cpp
c:\users\wulia\documents\repos\t-wrecks\t-wrecks\gameobject.cpp(12): warning C4244: '+=': conversion from 'float' to 'int', possible loss of data
c:\users\wulia\documents\repos\t-wrecks\t-wrecks\gameobject.cpp(13): warning C4244: '+=': conversion from 'float' to 'int', possible loss of data
  GameScene.cpp
  GameSceneManager.cpp
  Globals.cpp
  Ground.cpp
c:\users\wulia\documents\repos\t-wrecks\t-wrecks\ground.cpp(23): warning C4244: '-=': conversion from 'float' to 'int', possible loss of data
  InputHandler.cpp
  IntroScene.cpp
c:\users\wulia\documents\repos\t-wrecks\t-wrecks\animation.h(28): warning C4244: 'initializing': conversion from 'double' to 'int', possible loss of data
  KeyboardHandler.cpp
c:\users\wulia\documents\repos\t-wrecks\t-wrecks\animation.h(28): warning C4244: 'initializing': conversion from 'double' to 'int', possible loss of data
  LeaderboardScene.cpp
  LevelSelectionScene.cpp
c:\users\wulia\documents\repos\t-wrecks\t-wrecks\animation.h(28): warning C4244: 'initializing': conversion from 'double' to 'int', possible loss of data
  LevelScene.cpp
c:\users\wulia\documents\repos\t-wrecks\t-wrecks\animation.h(28): warning C4244: 'initializing': conversion from 'double' to 'int', possible loss of data
c:\users\wulia\documents\repos\t-wrecks\t-wrecks\levelscene.cpp(202): warning C4018: '>=': signed/unsigned mismatch
  PauseScene.cpp
  Player.cpp
c:\users\wulia\documents\repos\t-wrecks\t-wrecks\animation.h(28): warning C4244: 'initializing': conversion from 'double' to 'int', possible loss of data
c:\users\wulia\documents\repos\t-wrecks\t-wrecks\player.cpp(6): warning C4305: 'argument': truncation from 'double' to 'float'
c:\users\wulia\documents\repos\t-wrecks\t-wrecks\player.cpp(10): warning C4305: 'argument': truncation from 'double' to 'float'
c:\users\wulia\documents\repos\t-wrecks\t-wrecks\player.cpp(31): warning C4305: '=': truncation from 'double' to 'float'
c:\users\wulia\documents\repos\t-wrecks\t-wrecks\player.cpp(39): warning C4305: '=': truncation from 'double' to 'float'
c:\users\wulia\documents\repos\t-wrecks\t-wrecks\player.cpp(53): warning C4244: '+=': conversion from 'float' to 'int', possible loss of data
  PlayerSelectionScene.cpp
c:\users\wulia\documents\repos\t-wrecks\t-wrecks\animation.h(28): warning C4244: 'initializing': conversion from 'double' to 'int', possible loss of data
c:\users\wulia\documents\repos\t-wrecks\t-wrecks\playerselectionscene.cpp(81): warning C4244: '=': conversion from 'double' to 'float', possible loss of data
  Compiling...
  Pterosaur.cpp
c:\users\wulia\documents\repos\t-wrecks\t-wrecks\animation.h(28): warning C4244: 'initializing': conversion from 'double' to 'int', possible loss of data
c:\users\wulia\documents\repos\t-wrecks\t-wrecks\pterosaur.cpp(15): warning C4244: '-=': conversion from 'float' to 'int', possible loss of data
c:\users\wulia\documents\repos\t-wrecks\t-wrecks\pterosaur.cpp(29): warning C4305: 'argument': truncation from 'double' to 'float'
  Source.cpp
c:\users\wulia\documents\repos\t-wrecks\t-wrecks\animation.h(28): warning C4244: 'initializing': conversion from 'double' to 'int', possible loss of data
c:\users\wulia\documents\repos\t-wrecks\t-wrecks\source.cpp(22): warning C4244: 'argument': conversion from 'time_t' to 'unsigned int', possible loss of data
  MenuScene.cpp
c:\users\wulia\documents\repos\t-wrecks\t-wrecks\animation.h(28): warning C4244: 'initializing': conversion from 'double' to 'int', possible loss of data
  MouseHandler.cpp
  TimeHandler.cpp
c:\users\wulia\documents\repos\t-wrecks\t-wrecks\timehandler.cpp(12): warning C4244: '=': conversion from 'double' to 'float', possible loss of data
  Generating code
c:\users\wulia\documents\repos\t-wrecks\t-wrecks\source.cpp(80): warning C4715: 'initialize': not all control paths return a value
  305 of 310 functions (98.4%) were compiled, the rest were copied from previous compilation.
    2 functions were new in current compilation
    0 functions had inline decision re-evaluated but remain unchanged
  Finished generating code
  T-Wrecks.vcxproj -> C:\Users\wulia\Documents\Repos\T-Wrecks\Release\T-Wrecks.exe
