c:\users\wulia\documents\repos\shadow-tunnel\sdl class project\debug\vc141.pdb
c:\users\wulia\documents\repos\shadow-tunnel\sdl class project\debug\vc141.idb
c:\users\wulia\documents\repos\shadow-tunnel\sdl class project\debug\vector.obj
c:\users\wulia\documents\repos\shadow-tunnel\sdl class project\debug\mousehandler.obj
c:\users\wulia\documents\repos\shadow-tunnel\sdl class project\debug\menuscene.obj
c:\users\wulia\documents\repos\shadow-tunnel\sdl class project\debug\source.obj
c:\users\wulia\documents\repos\shadow-tunnel\sdl class project\debug\leveltemplate.obj
c:\users\wulia\documents\repos\shadow-tunnel\sdl class project\debug\levelselection.obj
c:\users\wulia\documents\repos\shadow-tunnel\sdl class project\debug\leaderboardscene.obj
c:\users\wulia\documents\repos\shadow-tunnel\sdl class project\debug\inputhandler.obj
c:\users\wulia\documents\repos\shadow-tunnel\sdl class project\debug\globals.obj
c:\users\wulia\documents\repos\shadow-tunnel\sdl class project\debug\gamescenemanager.obj
c:\users\wulia\documents\repos\shadow-tunnel\sdl class project\debug\gamescene.obj
c:\users\wulia\documents\repos\shadow-tunnel\sdl class project\debug\gameobject.obj
c:\users\wulia\documents\repos\shadow-tunnel\sdl class project\debug\button.obj
c:\users\wulia\documents\repos\shadow-tunnel\sdl class project\debug\playerselectionscene.obj
c:\users\wulia\documents\repos\shadow-tunnel\sdl class project\debug\player.obj
c:\users\wulia\documents\repos\shadow-tunnel\sdl class project\debug\animation.obj
c:\users\wulia\documents\repos\shadow-tunnel\sdl class project\debug\keyboardhandler.obj
c:\users\wulia\documents\repos\shadow-tunnel\debug\shadow tunnel.exe
c:\users\wulia\documents\repos\shadow-tunnel\debug\shadow tunnel.ilk
c:\users\wulia\documents\repos\shadow-tunnel\debug\shadow tunnel.pdb
c:\users\wulia\documents\repos\shadow-tunnel\sdl class project\debug\shadow tunnel.tlog\cl.command.1.tlog
c:\users\wulia\documents\repos\shadow-tunnel\sdl class project\debug\shadow tunnel.tlog\cl.read.1.tlog
c:\users\wulia\documents\repos\shadow-tunnel\sdl class project\debug\shadow tunnel.tlog\cl.write.1.tlog
c:\users\wulia\documents\repos\shadow-tunnel\sdl class project\debug\shadow tunnel.tlog\link.command.1.tlog
c:\users\wulia\documents\repos\shadow-tunnel\sdl class project\debug\shadow tunnel.tlog\link.read.1.tlog
c:\users\wulia\documents\repos\shadow-tunnel\sdl class project\debug\shadow tunnel.tlog\link.write.1.tlog
