c:\users\user\documents\github\t-wrecks\t-wrecks\debug\vc141.pdb
c:\users\user\documents\github\t-wrecks\t-wrecks\debug\vc141.idb
c:\users\user\documents\github\t-wrecks\t-wrecks\debug\vector.obj
c:\users\user\documents\github\t-wrecks\t-wrecks\debug\mousehandler.obj
c:\users\user\documents\github\t-wrecks\t-wrecks\debug\menuscene.obj
c:\users\user\documents\github\t-wrecks\t-wrecks\debug\source.obj
c:\users\user\documents\github\t-wrecks\t-wrecks\debug\playerselectionscene.obj
c:\users\user\documents\github\t-wrecks\t-wrecks\debug\player.obj
c:\users\user\documents\github\t-wrecks\t-wrecks\debug\leveltemplate.obj
c:\users\user\documents\github\t-wrecks\t-wrecks\debug\levelselection.obj
c:\users\user\documents\github\t-wrecks\t-wrecks\debug\leaderboardscene.obj
c:\users\user\documents\github\t-wrecks\t-wrecks\debug\keyboardhandler.obj
c:\users\user\documents\github\t-wrecks\t-wrecks\debug\introscene.obj
c:\users\user\documents\github\t-wrecks\t-wrecks\debug\inputhandler.obj
c:\users\user\documents\github\t-wrecks\t-wrecks\debug\ground.obj
c:\users\user\documents\github\t-wrecks\t-wrecks\debug\globals.obj
c:\users\user\documents\github\t-wrecks\t-wrecks\debug\gamescenemanager.obj
c:\users\user\documents\github\t-wrecks\t-wrecks\debug\gamescene.obj
c:\users\user\documents\github\t-wrecks\t-wrecks\debug\gameobject.obj
c:\users\user\documents\github\t-wrecks\t-wrecks\debug\cactus.obj
c:\users\user\documents\github\t-wrecks\t-wrecks\debug\button.obj
c:\users\user\documents\github\t-wrecks\t-wrecks\debug\animation.obj
c:\users\user\documents\github\t-wrecks\t-wrecks\debug\timehandler.obj
c:\users\user\documents\github\t-wrecks\t-wrecks\debug\cloud.obj
c:\users\user\documents\github\t-wrecks\t-wrecks\debug\pausescene.obj
c:\users\user\documents\github\t-wrecks\t-wrecks\debug\endscene.obj
c:\users\user\documents\github\t-wrecks\t-wrecks\debug\pterosaur.obj
c:\users\user\documents\github\t-wrecks\t-wrecks\debug\collisionhandler.obj
c:\users\norri\documents\github\_game development\custom engine projects\t-wrecks\t-wrecks\debug\vc142.pdb
c:\users\norri\documents\github\_game development\custom engine projects\t-wrecks\t-wrecks\debug\vc142.idb
c:\users\norri\documents\github\_game development\custom engine projects\t-wrecks\t-wrecks\debug\playerselectionscene.obj
c:\users\norri\documents\github\_game development\custom engine projects\t-wrecks\t-wrecks\debug\player.obj
c:\users\norri\documents\github\_game development\custom engine projects\t-wrecks\t-wrecks\debug\pausescene.obj
c:\users\norri\documents\github\_game development\custom engine projects\t-wrecks\t-wrecks\debug\leveltemplate.obj
c:\users\norri\documents\github\_game development\custom engine projects\t-wrecks\t-wrecks\debug\levelselection.obj
c:\users\norri\documents\github\_game development\custom engine projects\t-wrecks\t-wrecks\debug\leaderboardscene.obj
c:\users\norri\documents\github\_game development\custom engine projects\t-wrecks\t-wrecks\debug\keyboardhandler.obj
c:\users\norri\documents\github\_game development\custom engine projects\t-wrecks\t-wrecks\debug\introscene.obj
c:\users\norri\documents\github\_game development\custom engine projects\t-wrecks\t-wrecks\debug\inputhandler.obj
c:\users\norri\documents\github\_game development\custom engine projects\t-wrecks\t-wrecks\debug\ground.obj
c:\users\norri\documents\github\_game development\custom engine projects\t-wrecks\t-wrecks\debug\globals.obj
c:\users\norri\documents\github\_game development\custom engine projects\t-wrecks\t-wrecks\debug\gamescenemanager.obj
c:\users\norri\documents\github\_game development\custom engine projects\t-wrecks\t-wrecks\debug\gamescene.obj
c:\users\norri\documents\github\_game development\custom engine projects\t-wrecks\t-wrecks\debug\gameobject.obj
c:\users\norri\documents\github\_game development\custom engine projects\t-wrecks\t-wrecks\debug\endscene.obj
c:\users\norri\documents\github\_game development\custom engine projects\t-wrecks\t-wrecks\debug\collisionhandler.obj
c:\users\norri\documents\github\_game development\custom engine projects\t-wrecks\t-wrecks\debug\cloud.obj
c:\users\norri\documents\github\_game development\custom engine projects\t-wrecks\t-wrecks\debug\cactus.obj
c:\users\norri\documents\github\_game development\custom engine projects\t-wrecks\t-wrecks\debug\button.obj
c:\users\norri\documents\github\_game development\custom engine projects\t-wrecks\t-wrecks\debug\animation.obj
c:\users\norri\documents\github\_game development\custom engine projects\t-wrecks\t-wrecks\debug\vector.obj
c:\users\norri\documents\github\_game development\custom engine projects\t-wrecks\t-wrecks\debug\timehandler.obj
c:\users\norri\documents\github\_game development\custom engine projects\t-wrecks\t-wrecks\debug\mousehandler.obj
c:\users\norri\documents\github\_game development\custom engine projects\t-wrecks\t-wrecks\debug\menuscene.obj
c:\users\norri\documents\github\_game development\custom engine projects\t-wrecks\t-wrecks\debug\source.obj
c:\users\norri\documents\github\_game development\custom engine projects\t-wrecks\t-wrecks\debug\pterosaur.obj
c:\users\user\documents\github\t-wrecks\debug\t-wrecks.exe
c:\users\user\documents\github\t-wrecks\debug\t-wrecks.ilk
c:\users\user\documents\github\t-wrecks\debug\t-wrecks.pdb
c:\users\norri\documents\github\_game development\custom engine projects\t-wrecks\t-wrecks\debug\vc141.idb
c:\users\norri\documents\github\_game development\custom engine projects\t-wrecks\t-wrecks\debug\vc141.pdb
c:\users\norri\documents\github\_game development\custom engine projects\t-wrecks\debug\t-wrecks.pdb
c:\users\norri\documents\github\_game development\custom engine projects\t-wrecks\t-wrecks\debug\t-wrecks.tlog\cl.command.1.tlog
c:\users\norri\documents\github\_game development\custom engine projects\t-wrecks\t-wrecks\debug\t-wrecks.tlog\cl.read.1.tlog
c:\users\norri\documents\github\_game development\custom engine projects\t-wrecks\t-wrecks\debug\t-wrecks.tlog\cl.write.1.tlog
c:\users\norri\documents\github\_game development\custom engine projects\t-wrecks\t-wrecks\debug\t-wrecks.tlog\link.command.1.tlog
c:\users\norri\documents\github\_game development\custom engine projects\t-wrecks\t-wrecks\debug\t-wrecks.tlog\link.read.1.tlog
c:\users\norri\documents\github\_game development\custom engine projects\t-wrecks\t-wrecks\debug\t-wrecks.tlog\link.write.1.tlog
