C:\Program Files (x86)\Microsoft Visual Studio\2017\Community\Common7\IDE\VC\VCTargets\Microsoft.CppBuild.targets(391,5): warning MSB8028: The intermediate directory (Debug\) contains files shared from another project (Shadow Tunnel.vcxproj, T-Rects.vcxproj).  This can lead to incorrect clean and rebuild behavior.
  IntroScene.cpp
c:\users\user\documents\github\t-wrecks\t-wrecks\animation.h(27): warning C4244: 'initializing': conversion from 'double' to 'int', possible loss of data
  KeyboardHandler.cpp
c:\users\user\documents\github\t-wrecks\t-wrecks\animation.h(27): warning C4244: 'initializing': conversion from 'double' to 'int', possible loss of data
  LevelSelection.cpp
c:\users\user\documents\github\t-wrecks\t-wrecks\animation.h(27): warning C4244: 'initializing': conversion from 'double' to 'int', possible loss of data
  LevelTemplate.cpp
c:\users\user\documents\github\t-wrecks\t-wrecks\animation.h(27): warning C4244: 'initializing': conversion from 'double' to 'int', possible loss of data
c:\users\user\documents\github\t-wrecks\t-wrecks\leveltemplate.cpp(23): warning C4244: '=': conversion from 'double' to 'float', possible loss of data
  MenuScene.cpp
c:\users\user\documents\github\t-wrecks\t-wrecks\animation.h(27): warning C4244: 'initializing': conversion from 'double' to 'int', possible loss of data
c:\users\user\documents\github\t-wrecks\t-wrecks\menuscene.cpp(116): warning C4244: '=': conversion from 'double' to 'float', possible loss of data
  Player.cpp
c:\users\user\documents\github\t-wrecks\t-wrecks\animation.h(27): warning C4244: 'initializing': conversion from 'double' to 'int', possible loss of data
c:\users\user\documents\github\t-wrecks\t-wrecks\player.cpp(9): warning C4305: 'argument': truncation from 'double' to 'float'
c:\users\user\documents\github\t-wrecks\t-wrecks\player.cpp(16): warning C4305: 'argument': truncation from 'double' to 'float'
c:\users\user\documents\github\t-wrecks\t-wrecks\player.cpp(31): warning C4244: 'argument': conversion from 'float' to 'int', possible loss of data
c:\users\user\documents\github\t-wrecks\t-wrecks\player.cpp(33): warning C4305: '=': truncation from 'double' to 'float'
c:\users\user\documents\github\t-wrecks\t-wrecks\player.cpp(45): warning C4244: 'argument': conversion from 'float' to 'int', possible loss of data
c:\users\user\documents\github\t-wrecks\t-wrecks\player.cpp(47): warning C4244: '+=': conversion from 'float' to 'int', possible loss of data
  PlayerSelectionScene.cpp
c:\users\user\documents\github\t-wrecks\t-wrecks\animation.h(27): warning C4244: 'initializing': conversion from 'double' to 'int', possible loss of data
c:\users\user\documents\github\t-wrecks\t-wrecks\playerselectionscene.cpp(84): warning C4244: '=': conversion from 'double' to 'float', possible loss of data
  Source.cpp
c:\users\user\documents\github\t-wrecks\t-wrecks\animation.h(27): warning C4244: 'initializing': conversion from 'double' to 'int', possible loss of data
  Generating Code...
c:\users\user\documents\github\t-wrecks\t-wrecks\source.cpp(77): warning C4715: 'initialize': not all control paths return a value
  T-Wrecks.vcxproj -> C:\Users\User\Documents\GitHub\T-Wrecks\Debug\T-Wrecks.exe
